<?xml version="1.0" encoding="UTF-8"?>
<!-- Generated by org.testng.reporters.JUnitReportReporter -->
<testsuite skipped="0" hostname="DESKTOP-RPHKEG2" name="Programs.Testng2" tests="1" failures="0" timestamp="01 Dec 2018 06:52:56 GMT" time="0.015" errors="0">
  <testcase name="a" time="0.015" classname="Programs.Testng2"/>
</testsuite> <!-- Programs.Testng2 -->
