<?xml version="1.0" encoding="UTF-8"?>
<!-- Generated by org.testng.reporters.JUnitReportReporter -->
<testsuite skipped="0" hostname="DESKTOP-RPHKEG2" name="Programs.Testng" tests="2" failures="0" timestamp="01 Dec 2018 06:35:20 GMT" time="0.010" errors="0">
  <testcase name="c" time="0.008" classname="Programs.Testng"/>
  <testcase name="b" time="0.002" classname="Programs.Testng"/>
</testsuite> <!-- Programs.Testng -->
