<?xml version="1.0" encoding="UTF-8"?>
<!-- Generated by org.testng.reporters.JUnitReportReporter -->
<testsuite skipped="0" hostname="DESKTOP-RPHKEG2" name="Programs.Testng1" tests="2" failures="0" timestamp="01 Dec 2018 06:52:56 GMT" time="0.000" errors="0">
  <testcase name="b" time="0.000" classname="Programs.Testng1"/>
  <testcase name="c" time="0.000" classname="Programs.Testng1"/>
</testsuite> <!-- Programs.Testng1 -->
